[2018-07-24T14:46:34.460] [INFO] resLogger - 
*************** response log start ***************
request method: GET
request originalUrl:  /users
request client ip:  ::1
request query:  {}
response time: 4
response status: 200
response body: 
"this is a users response!"
*************** response log end ***************

[2018-07-24T14:46:56.512] [INFO] resLogger - 
*************** response log start ***************
request method: GET
request originalUrl:  /
request client ip:  ::1
request query:  {}
response time: 616
response status: 200
response body: 
"<!DOCTYPE html><html><head><title>Hello Koa 2!</title><link rel=\"stylesheet\" href=\"/stylesheets/style.css\"></head><body><h1>Hello Koa 2!</h1><p>Welcome to Hello Koa 2!</p></body></html>"
*************** response log end ***************

[2018-07-24T14:48:09.456] [INFO] resLogger - 
*************** response log start ***************
request method: GET
request originalUrl:  /fs
request client ip:  ::1
request query:  {}
response time: 1
response status: 404
response body: 
undefined
*************** response log end ***************

[2018-07-24T14:57:05.268] [INFO] resLogger - 
*************** response log start ***************
request method: GET
request originalUrl:  /fs
request client ip:  ::1
request query:  {}
response time: 0
response status: 404
response body: 
undefined
*************** response log end ***************

[2018-07-24T14:57:07.773] [INFO] resLogger - 
*************** response log start ***************
request method: GET
request originalUrl:  /
request client ip:  ::1
request query:  {}
response time: 621
response status: 200
response body: 
"<!DOCTYPE html><html><head><title>Hello Koa 2!</title><link rel=\"stylesheet\" href=\"/stylesheets/style.css\"></head><body><h1>Hello Koa 2!</h1><p>Welcome to Hello Koa 2!</p></body></html>"
*************** response log end ***************

[2018-07-24T14:57:24.795] [INFO] resLogger - 
*************** response log start ***************
request method: GET
request originalUrl:  /
request client ip:  ::1
request query:  {}
response time: 612
response status: 200
response body: 
"<!DOCTYPE html><html><head><title>Hello Koa 2!</title><link rel=\"stylesheet\" href=\"/stylesheets/style.css\"></head><body><h1>Hello Koa 2!</h1><p>Welcome to Hello Koa 2!</p></body></html>"
*************** response log end ***************

[2018-07-24T19:11:08.214] [INFO] resLogger - 
*************** response log start ***************
request method: GET
request originalUrl:  /
request client ip:  ::1
request query:  {}
response time: 2175
response status: 200
response body: 
"<!DOCTYPE html><html><head><title>Hello Koa 2!</title><link rel=\"stylesheet\" href=\"/stylesheets/style.css\"></head><body><h1>Hello Koa 2!</h1><p>Welcome to Hello Koa 2!</p></body></html>"
*************** response log end ***************

[2018-07-24T20:15:37.049] [INFO] resLogger - 
*************** response log start ***************
request method: GET
request originalUrl:  /
request client ip:  ::ffff:127.0.0.1
request query:  {}
response time: 711
response status: 200
response body: 
"<!DOCTYPE html><html><head><title>Hello Koa 2!</title><link rel=\"stylesheet\" href=\"/stylesheets/style.css\"></head><body><h1>Hello Koa 2!</h1><p>Welcome to Hello Koa 2!</p></body></html>"
*************** response log end ***************

[2018-07-24T20:16:31.617] [INFO] resLogger - 
*************** response log start ***************
request method: GET
request originalUrl:  /string2
request client ip:  ::1
request query:  {}
response time: 1
response status: 200
response body: 
"koa2 string"
*************** response log end ***************

[2018-07-24T20:16:50.201] [INFO] resLogger - 
*************** response log start ***************
request method: GET
request originalUrl:  /string2
request client ip:  ::1
request query:  {}
response time: 0
response status: 200
response body: 
"koa2 string"
*************** response log end ***************

[2018-07-24T20:16:53.796] [INFO] resLogger - 
*************** response log start ***************
request method: GET
request originalUrl:  /string2
request client ip:  ::1
request query:  {}
response time: 0
response status: 200
response body: 
"koa2 string"
*************** response log end ***************

[2018-07-24T20:17:47.453] [INFO] resLogger - 
*************** response log start ***************
request method: GET
request originalUrl:  /json
request client ip:  ::1
request query:  {}
response time: 1
response status: 200
response body: 
{"title":"koa2 json"}
*************** response log end ***************

[2018-07-24T20:18:02.030] [INFO] resLogger - 
*************** response log start ***************
request method: GET
request originalUrl:  /json
request client ip:  ::1
request query:  {}
response time: 1
response status: 200
response body: 
{"title":"koa2 json"}
*************** response log end ***************

[2018-07-24T20:18:10.803] [INFO] resLogger - 
*************** response log start ***************
request method: GET
request originalUrl:  /json
request client ip:  ::1
request query:  {}
response time: 0
response status: 200
response body: 
{"title":"koa2 json"}
*************** response log end ***************

[2018-07-24T20:18:56.716] [INFO] resLogger - 
*************** response log start ***************
request method: GET
request originalUrl:  /json
request client ip:  ::1
request query:  {}
response time: 0
response status: 200
response body: 
{"title":"koa2 json"}
*************** response log end ***************

[2018-07-24T20:20:36.323] [INFO] resLogger - 
*************** response log start ***************
request method: GET
request originalUrl:  /users
request client ip:  ::1
request query:  {}
response time: 1
response status: 200
response body: 
"this is a users response!"
*************** response log end ***************

[2018-07-24T20:20:49.977] [INFO] resLogger - 
*************** response log start ***************
request method: GET
request originalUrl:  /users/bar
request client ip:  ::1
request query:  {}
response time: 0
response status: 200
response body: 
"this is a users/bar response"
*************** response log end ***************

[2018-07-24T20:32:10.601] [INFO] resLogger - 
*************** response log start ***************
request method: GET
request originalUrl:  /users/bar
request client ip:  ::1
request query:  {}
response time: 2
response status: 200
response body: 
"this is a users/bar response"
*************** response log end ***************

[2018-07-24T20:32:38.604] [INFO] resLogger - 
*************** response log start ***************
request method: GET
request originalUrl:  /users/bar
request client ip:  ::1
request query:  {}
response time: 0
response status: 200
response body: 
"this is a users/bar response"
*************** response log end ***************

[2018-07-24T20:44:05.349] [INFO] resLogger - 
*************** response log start ***************
request method: GET
request originalUrl:  /json
request client ip:  ::1
request query:  {}
response time: 0
response status: 200
response body: 
{"title":"koa2 json"}
*************** response log end ***************

