[2018-09-05T11:49:23.027] [INFO] resLogger - 
*************** response log start ***************
request method: POST
request originalUrl:  /api/component/offpost/detect/templet/list/page
request client ip:  ::ffff:127.0.0.1
request body: 
{"accessToken":"at.3sodbd9o52n5ba23atoo3x364ylnwqd1-9679za3cjc-1eqe1rd-o8bfjzwbf","pageSize":"10","pageNo":"1","templetName":""}
response time: 3
response status: 200
response body: 
{"code":"200","msg":"Bpgxkzjijy Oxxip Ugxasn Kufst Pzewwh","data":[{"id":8626514630203750,"templetName":"Mary Johnson","detectRule":1,"high":8,"low":0,"duration":359},{"id":4542210476054824,"templetName":"Steven Johnson","detectRule":1,"high":8,"low":1,"duration":146},{"id":4010093582741686,"templetName":"Eric Garcia","detectRule":1,"high":8,"low":1,"duration":411},{"id":5326784106657578,"templetName":"Deborah Smith","detectRule":1,"high":8,"low":1,"duration":161},{"id":1850565343718742,"templetName":"Sandra Lopez","detectRule":0,"high":6,"low":3,"duration":60},{"id":631165905917780,"templetName":"Sarah Taylor","detectRule":2,"high":8,"low":1,"duration":420},{"id":8638414937787698,"templetName":"Brian Hernandez","detectRule":0,"high":6,"low":2,"duration":57},{"id":1034455351420380,"templetName":"Carol Davis","detectRule":1,"high":7,"low":3,"duration":341},{"id":98249427601658,"templetName":"Robert Miller","detectRule":1,"high":8,"low":1,"duration":14},{"id":2245560966576608,"templetName":"Linda Garcia","detectRule":1,"high":6,"low":3,"duration":93}],"page":{"total":28}}
*************** response log end ***************

[2018-09-05T11:49:31.980] [INFO] resLogger - 
*************** response log start ***************
request method: POST
request originalUrl:  /api/component/leavepost/detect/templet/add
request client ip:  ::ffff:127.0.0.1
request body: 
{"accessToken":"at.3sodbd9o52n5ba23atoo3x364ylnwqd1-9679za3cjc-1eqe1rd-o8bfjzwbf","templetName":"需要","detectRule":"1","duration":"2","low":"需要","high":""}
response time: 1
response status: 200
response body: 
{"code":"200","msg":"Dobkvyt Lerfjf Swigsxhr Unrwby Xxtxifbxg Rdrc","id":7766584485761688}
*************** response log end ***************

[2018-09-05T11:49:32.221] [INFO] resLogger - 
*************** response log start ***************
request method: POST
request originalUrl:  /api/component/offpost/detect/templet/list/page
request client ip:  ::ffff:127.0.0.1
request body: 
{"accessToken":"at.3sodbd9o52n5ba23atoo3x364ylnwqd1-9679za3cjc-1eqe1rd-o8bfjzwbf","pageSize":"10","pageNo":"1","templetName":""}
response time: 0
response status: 200
response body: 
{"code":"200","msg":"Ywufby Qmffgls Slbusl Ykber Lqpfficv Crxr","data":[{"id":2972564507289832,"templetName":"Steven Jones","detectRule":2,"high":8,"low":2,"duration":50},{"id":3757152255025136,"templetName":"Kevin Martinez","detectRule":2,"high":7,"low":0,"duration":111},{"id":3371262969633642,"templetName":"Brian Jackson","detectRule":2,"high":5,"low":1,"duration":431},{"id":4499857527332270,"templetName":"Shirley Rodriguez","detectRule":0,"high":6,"low":1,"duration":447},{"id":1210849620587100,"templetName":"Karen Young","detectRule":1,"high":8,"low":3,"duration":66},{"id":5763045344735116,"templetName":"Kevin Garcia","detectRule":2,"high":6,"low":3,"duration":110},{"id":1274223828003964,"templetName":"Mark Clark","detectRule":1,"high":5,"low":3,"duration":61},{"id":1224738265455144,"templetName":"Deborah Gonzalez","detectRule":1,"high":7,"low":2,"duration":252},{"id":1412695135840360,"templetName":"Anthony Anderson","detectRule":2,"high":8,"low":2,"duration":229},{"id":7909229823790256,"templetName":"Amy Brown","detectRule":2,"high":5,"low":3,"duration":275}],"page":{"total":23}}
*************** response log end ***************

