[2018-09-13T15:57:13.887] [ERROR] errorLogger - 
*************** error log start ***************
request method: POST
request originalUrl:  /api/component/saas/recognition/lib/list/page
request client ip:  ::ffff:127.0.0.1
request body: 
{"accessToken":"at.4tputxd77c952ntm4wm8fo9j8rhoyr3l-4n5980l01p-1q9yft2-yisuxbevq","setName":"vip"}
response time: 1
err name: ReferenceError
err message: Util is not defined
err stack: ReferenceError: Util is not defined
    at Object.paramSerializer (E:\profile\koa-test2\utils\publicService.js:7:26)
    at router.post (E:\profile\koa-test2\routes\indexVip.js:8:30)
    at dispatch (E:\profile\koa-test2\node_modules\koa-router\node_modules\koa-compose\index.js:44:32)
    at next (E:\profile\koa-test2\node_modules\koa-router\node_modules\koa-compose\index.js:45:18)
    at E:\profile\koa-test2\node_modules\koa-router\lib\router.js:346:16
    at dispatch (E:\profile\koa-test2\node_modules\koa-router\node_modules\koa-compose\index.js:44:32)
    at E:\profile\koa-test2\node_modules\koa-router\node_modules\koa-compose\index.js:36:12
    at dispatch (E:\profile\koa-test2\node_modules\koa-router\lib\router.js:351:31)
    at dispatch (E:\profile\koa-test2\node_modules\koa-compose\index.js:42:32)
    at app.use (E:\profile\koa-test2\app.js:51:11)
    at dispatch (E:\profile\koa-test2\node_modules\koa-compose\index.js:42:32)
    at views (E:\profile\koa-test2\node_modules\koa-views\lib\index.js:61:12)
    at dispatch (E:\profile\koa-test2\node_modules\koa-compose\index.js:42:32)
    at serve (E:\profile\koa-test2\node_modules\koa-static\index.js:47:14)
    at dispatch (E:\profile\koa-test2\node_modules\koa-compose\index.js:42:32)
    at logger (E:\profile\koa-test2\node_modules\koa-logger\index.js:50:12)
*************** error log end ***************

[2018-09-13T15:57:32.783] [ERROR] errorLogger - 
*************** error log start ***************
request method: POST
request originalUrl:  /api/component/saas/recognition/lib/list/page
request client ip:  ::ffff:127.0.0.1
request body: 
{"accessToken":"at.4tputxd77c952ntm4wm8fo9j8rhoyr3l-4n5980l01p-1q9yft2-yisuxbevq","setName":"vip"}
response time: 1
err name: ReferenceError
err message: Util is not defined
err stack: ReferenceError: Util is not defined
    at Object.paramSerializer (E:\profile\koa-test2\utils\publicService.js:7:26)
    at router.post (E:\profile\koa-test2\routes\indexVip.js:8:30)
    at dispatch (E:\profile\koa-test2\node_modules\koa-router\node_modules\koa-compose\index.js:44:32)
    at next (E:\profile\koa-test2\node_modules\koa-router\node_modules\koa-compose\index.js:45:18)
    at E:\profile\koa-test2\node_modules\koa-router\lib\router.js:346:16
    at dispatch (E:\profile\koa-test2\node_modules\koa-router\node_modules\koa-compose\index.js:44:32)
    at E:\profile\koa-test2\node_modules\koa-router\node_modules\koa-compose\index.js:36:12
    at dispatch (E:\profile\koa-test2\node_modules\koa-router\lib\router.js:351:31)
    at dispatch (E:\profile\koa-test2\node_modules\koa-compose\index.js:42:32)
    at app.use (E:\profile\koa-test2\app.js:51:11)
    at dispatch (E:\profile\koa-test2\node_modules\koa-compose\index.js:42:32)
    at views (E:\profile\koa-test2\node_modules\koa-views\lib\index.js:61:12)
    at dispatch (E:\profile\koa-test2\node_modules\koa-compose\index.js:42:32)
    at serve (E:\profile\koa-test2\node_modules\koa-static\index.js:47:14)
    at dispatch (E:\profile\koa-test2\node_modules\koa-compose\index.js:42:32)
    at logger (E:\profile\koa-test2\node_modules\koa-logger\index.js:50:12)
*************** error log end ***************

[2018-09-13T15:58:08.422] [ERROR] errorLogger - 
*************** error log start ***************
request method: POST
request originalUrl:  /api/component/saas/recognition/lib/list/page
request client ip:  ::ffff:127.0.0.1
request body: 
{"accessToken":"at.4tputxd77c952ntm4wm8fo9j8rhoyr3l-4n5980l01p-1q9yft2-yisuxbevq","setName":"vip"}
response time: 0
err name: ReferenceError
err message: Util is not defined
err stack: ReferenceError: Util is not defined
    at Object.paramSerializer (E:\profile\koa-test2\utils\publicService.js:7:26)
    at router.post (E:\profile\koa-test2\routes\indexVip.js:8:30)
    at dispatch (E:\profile\koa-test2\node_modules\koa-router\node_modules\koa-compose\index.js:44:32)
    at next (E:\profile\koa-test2\node_modules\koa-router\node_modules\koa-compose\index.js:45:18)
    at E:\profile\koa-test2\node_modules\koa-router\lib\router.js:346:16
    at dispatch (E:\profile\koa-test2\node_modules\koa-router\node_modules\koa-compose\index.js:44:32)
    at E:\profile\koa-test2\node_modules\koa-router\node_modules\koa-compose\index.js:36:12
    at dispatch (E:\profile\koa-test2\node_modules\koa-router\lib\router.js:351:31)
    at dispatch (E:\profile\koa-test2\node_modules\koa-compose\index.js:42:32)
    at app.use (E:\profile\koa-test2\app.js:51:11)
    at dispatch (E:\profile\koa-test2\node_modules\koa-compose\index.js:42:32)
    at views (E:\profile\koa-test2\node_modules\koa-views\lib\index.js:61:12)
    at dispatch (E:\profile\koa-test2\node_modules\koa-compose\index.js:42:32)
    at serve (E:\profile\koa-test2\node_modules\koa-static\index.js:47:14)
    at dispatch (E:\profile\koa-test2\node_modules\koa-compose\index.js:42:32)
    at logger (E:\profile\koa-test2\node_modules\koa-logger\index.js:50:12)
*************** error log end ***************

[2018-09-13T15:59:10.509] [ERROR] errorLogger - 
*************** error log start ***************
request method: POST
request originalUrl:  /api/component/saas/recognition/lib/list/page
request client ip:  ::ffff:127.0.0.1
request body: 
{"accessToken":"at.4tputxd77c952ntm4wm8fo9j8rhoyr3l-4n5980l01p-1q9yft2-yisuxbevq","setName":"vip"}
response time: 1
err name: ReferenceError
err message: Util is not defined
err stack: ReferenceError: Util is not defined
    at Object.paramSerializer (E:\profile\koa-test2\utils\publicService.js:7:26)
    at router.post (E:\profile\koa-test2\routes\indexVip.js:8:30)
    at dispatch (E:\profile\koa-test2\node_modules\koa-router\node_modules\koa-compose\index.js:44:32)
    at next (E:\profile\koa-test2\node_modules\koa-router\node_modules\koa-compose\index.js:45:18)
    at E:\profile\koa-test2\node_modules\koa-router\lib\router.js:346:16
    at dispatch (E:\profile\koa-test2\node_modules\koa-router\node_modules\koa-compose\index.js:44:32)
    at E:\profile\koa-test2\node_modules\koa-router\node_modules\koa-compose\index.js:36:12
    at dispatch (E:\profile\koa-test2\node_modules\koa-router\lib\router.js:351:31)
    at dispatch (E:\profile\koa-test2\node_modules\koa-compose\index.js:42:32)
    at app.use (E:\profile\koa-test2\app.js:51:11)
    at dispatch (E:\profile\koa-test2\node_modules\koa-compose\index.js:42:32)
    at views (E:\profile\koa-test2\node_modules\koa-views\lib\index.js:61:12)
    at dispatch (E:\profile\koa-test2\node_modules\koa-compose\index.js:42:32)
    at serve (E:\profile\koa-test2\node_modules\koa-static\index.js:47:14)
    at dispatch (E:\profile\koa-test2\node_modules\koa-compose\index.js:42:32)
    at logger (E:\profile\koa-test2\node_modules\koa-logger\index.js:50:12)
*************** error log end ***************

[2018-09-13T16:00:18.907] [ERROR] errorLogger - 
*************** error log start ***************
request method: POST
request originalUrl:  /api/component/saas/recognition/lib/list/page
request client ip:  ::ffff:127.0.0.1
request body: 
{"accessToken":"at.4tputxd77c952ntm4wm8fo9j8rhoyr3l-4n5980l01p-1q9yft2-yisuxbevq","setName":"vip"}
response time: 2
err name: TypeError
err message: publicService.paramSerializer is not a function
err stack: TypeError: publicService.paramSerializer is not a function
    at router.post (E:\profile\koa-test2\routes\indexVip.js:8:30)
    at dispatch (E:\profile\koa-test2\node_modules\koa-router\node_modules\koa-compose\index.js:44:32)
    at next (E:\profile\koa-test2\node_modules\koa-router\node_modules\koa-compose\index.js:45:18)
    at E:\profile\koa-test2\node_modules\koa-router\lib\router.js:346:16
    at dispatch (E:\profile\koa-test2\node_modules\koa-router\node_modules\koa-compose\index.js:44:32)
    at E:\profile\koa-test2\node_modules\koa-router\node_modules\koa-compose\index.js:36:12
    at dispatch (E:\profile\koa-test2\node_modules\koa-router\lib\router.js:351:31)
    at dispatch (E:\profile\koa-test2\node_modules\koa-compose\index.js:42:32)
    at app.use (E:\profile\koa-test2\app.js:51:11)
    at dispatch (E:\profile\koa-test2\node_modules\koa-compose\index.js:42:32)
    at views (E:\profile\koa-test2\node_modules\koa-views\lib\index.js:61:12)
    at dispatch (E:\profile\koa-test2\node_modules\koa-compose\index.js:42:32)
    at serve (E:\profile\koa-test2\node_modules\koa-static\index.js:47:14)
    at dispatch (E:\profile\koa-test2\node_modules\koa-compose\index.js:42:32)
    at logger (E:\profile\koa-test2\node_modules\koa-logger\index.js:50:12)
    at dispatch (E:\profile\koa-test2\node_modules\koa-compose\index.js:42:32)
*************** error log end ***************

[2018-09-13T16:01:00.726] [ERROR] errorLogger - 
*************** error log start ***************
request method: POST
request originalUrl:  /api/component/saas/recognition/lib/list/page
request client ip:  ::ffff:127.0.0.1
request body: 
{"accessToken":"at.4tputxd77c952ntm4wm8fo9j8rhoyr3l-4n5980l01p-1q9yft2-yisuxbevq","setName":"vip"}
response time: 1
err name: ReferenceError
err message: Util is not defined
err stack: ReferenceError: Util is not defined
    at Object.paramSerializer (E:\profile\koa-test2\utils\publicService.js:7:26)
    at router.post (E:\profile\koa-test2\routes\indexVip.js:8:30)
    at dispatch (E:\profile\koa-test2\node_modules\koa-router\node_modules\koa-compose\index.js:44:32)
    at next (E:\profile\koa-test2\node_modules\koa-router\node_modules\koa-compose\index.js:45:18)
    at E:\profile\koa-test2\node_modules\koa-router\lib\router.js:346:16
    at dispatch (E:\profile\koa-test2\node_modules\koa-router\node_modules\koa-compose\index.js:44:32)
    at E:\profile\koa-test2\node_modules\koa-router\node_modules\koa-compose\index.js:36:12
    at dispatch (E:\profile\koa-test2\node_modules\koa-router\lib\router.js:351:31)
    at dispatch (E:\profile\koa-test2\node_modules\koa-compose\index.js:42:32)
    at app.use (E:\profile\koa-test2\app.js:51:11)
    at dispatch (E:\profile\koa-test2\node_modules\koa-compose\index.js:42:32)
    at views (E:\profile\koa-test2\node_modules\koa-views\lib\index.js:61:12)
    at dispatch (E:\profile\koa-test2\node_modules\koa-compose\index.js:42:32)
    at serve (E:\profile\koa-test2\node_modules\koa-static\index.js:47:14)
    at dispatch (E:\profile\koa-test2\node_modules\koa-compose\index.js:42:32)
    at logger (E:\profile\koa-test2\node_modules\koa-logger\index.js:50:12)
*************** error log end ***************

[2018-09-13T16:05:10.654] [ERROR] errorLogger - 
*************** error log start ***************
request method: POST
request originalUrl:  /api/component/saas/recognition/lib/list/page
request client ip:  ::ffff:127.0.0.1
request body: 
{"accessToken":"at.4tputxd77c952ntm4wm8fo9j8rhoyr3l-4n5980l01p-1q9yft2-yisuxbevq","setName":"vip"}
response time: 1
err name: ReferenceError
err message: params is not defined
err stack: ReferenceError: params is not defined
    at add (E:\profile\koa-test2\routes\indexVip.js:11:10)
    at router.post (E:\profile\koa-test2\routes\indexVip.js:18:20)
    at dispatch (E:\profile\koa-test2\node_modules\koa-router\node_modules\koa-compose\index.js:44:32)
    at next (E:\profile\koa-test2\node_modules\koa-router\node_modules\koa-compose\index.js:45:18)
    at E:\profile\koa-test2\node_modules\koa-router\lib\router.js:346:16
    at dispatch (E:\profile\koa-test2\node_modules\koa-router\node_modules\koa-compose\index.js:44:32)
    at E:\profile\koa-test2\node_modules\koa-router\node_modules\koa-compose\index.js:36:12
    at dispatch (E:\profile\koa-test2\node_modules\koa-router\lib\router.js:351:31)
    at dispatch (E:\profile\koa-test2\node_modules\koa-compose\index.js:42:32)
    at app.use (E:\profile\koa-test2\app.js:51:11)
    at dispatch (E:\profile\koa-test2\node_modules\koa-compose\index.js:42:32)
    at views (E:\profile\koa-test2\node_modules\koa-views\lib\index.js:61:12)
    at dispatch (E:\profile\koa-test2\node_modules\koa-compose\index.js:42:32)
    at serve (E:\profile\koa-test2\node_modules\koa-static\index.js:47:14)
    at dispatch (E:\profile\koa-test2\node_modules\koa-compose\index.js:42:32)
    at logger (E:\profile\koa-test2\node_modules\koa-logger\index.js:50:12)
*************** error log end ***************

[2018-09-13T16:08:09.342] [ERROR] errorLogger - 
*************** error log start ***************
request method: POST
request originalUrl:  /api/component/saas/recognition/lib/list/page
request client ip:  ::ffff:127.0.0.1
request body: 
{"accessToken":"at.4tputxd77c952ntm4wm8fo9j8rhoyr3l-4n5980l01p-1q9yft2-yisuxbevq","setName":"vip"}
response time: 1
err name: ReferenceError
err message: data is not defined
err stack: ReferenceError: data is not defined
    at router.post (E:\profile\koa-test2\routes\indexVip.js:21:15)
    at dispatch (E:\profile\koa-test2\node_modules\koa-router\node_modules\koa-compose\index.js:44:32)
    at next (E:\profile\koa-test2\node_modules\koa-router\node_modules\koa-compose\index.js:45:18)
    at E:\profile\koa-test2\node_modules\koa-router\lib\router.js:346:16
    at dispatch (E:\profile\koa-test2\node_modules\koa-router\node_modules\koa-compose\index.js:44:32)
    at E:\profile\koa-test2\node_modules\koa-router\node_modules\koa-compose\index.js:36:12
    at dispatch (E:\profile\koa-test2\node_modules\koa-router\lib\router.js:351:31)
    at dispatch (E:\profile\koa-test2\node_modules\koa-compose\index.js:42:32)
    at app.use (E:\profile\koa-test2\app.js:51:11)
    at dispatch (E:\profile\koa-test2\node_modules\koa-compose\index.js:42:32)
    at views (E:\profile\koa-test2\node_modules\koa-views\lib\index.js:61:12)
    at dispatch (E:\profile\koa-test2\node_modules\koa-compose\index.js:42:32)
    at serve (E:\profile\koa-test2\node_modules\koa-static\index.js:47:14)
    at dispatch (E:\profile\koa-test2\node_modules\koa-compose\index.js:42:32)
    at logger (E:\profile\koa-test2\node_modules\koa-logger\index.js:50:12)
    at dispatch (E:\profile\koa-test2\node_modules\koa-compose\index.js:42:32)
*************** error log end ***************

[2018-09-13T16:17:11.205] [ERROR] errorLogger - 
*************** error log start ***************
request method: POST
request originalUrl:  /api/component/saas/recognition/lib/list/page
request client ip:  ::ffff:127.0.0.1
request body: 
{"accessToken":"at.4tputxd77c952ntm4wm8fo9j8rhoyr3l-4n5980l01p-1q9yft2-yisuxbevq","setName":"vip"}
response time: 2
err name: TypeError
err message: console.loog is not a function
err stack: TypeError: console.loog is not a function
    at router.post (E:\profile\koa-test2\routes\indexVip.js:9:11)
    at dispatch (E:\profile\koa-test2\node_modules\koa-router\node_modules\koa-compose\index.js:44:32)
    at next (E:\profile\koa-test2\node_modules\koa-router\node_modules\koa-compose\index.js:45:18)
    at E:\profile\koa-test2\node_modules\koa-router\lib\router.js:346:16
    at dispatch (E:\profile\koa-test2\node_modules\koa-router\node_modules\koa-compose\index.js:44:32)
    at E:\profile\koa-test2\node_modules\koa-router\node_modules\koa-compose\index.js:36:12
    at dispatch (E:\profile\koa-test2\node_modules\koa-router\lib\router.js:351:31)
    at dispatch (E:\profile\koa-test2\node_modules\koa-compose\index.js:42:32)
    at app.use (E:\profile\koa-test2\app.js:51:11)
    at dispatch (E:\profile\koa-test2\node_modules\koa-compose\index.js:42:32)
    at views (E:\profile\koa-test2\node_modules\koa-views\lib\index.js:61:12)
    at dispatch (E:\profile\koa-test2\node_modules\koa-compose\index.js:42:32)
    at serve (E:\profile\koa-test2\node_modules\koa-static\index.js:47:14)
    at dispatch (E:\profile\koa-test2\node_modules\koa-compose\index.js:42:32)
    at logger (E:\profile\koa-test2\node_modules\koa-logger\index.js:50:12)
    at dispatch (E:\profile\koa-test2\node_modules\koa-compose\index.js:42:32)
*************** error log end ***************

[2018-09-13T16:17:24.137] [ERROR] errorLogger - 
*************** error log start ***************
request method: POST
request originalUrl:  /api/component/saas/recognition/lib/list/page
request client ip:  ::ffff:127.0.0.1
request body: 
{"accessToken":"at.4tputxd77c952ntm4wm8fo9j8rhoyr3l-4n5980l01p-1q9yft2-yisuxbevq","setName":"vip"}
response time: 1
err name: TypeError
err message: console.loog is not a function
err stack: TypeError: console.loog is not a function
    at router.post (E:\profile\koa-test2\routes\indexVip.js:9:11)
    at dispatch (E:\profile\koa-test2\node_modules\koa-router\node_modules\koa-compose\index.js:44:32)
    at next (E:\profile\koa-test2\node_modules\koa-router\node_modules\koa-compose\index.js:45:18)
    at E:\profile\koa-test2\node_modules\koa-router\lib\router.js:346:16
    at dispatch (E:\profile\koa-test2\node_modules\koa-router\node_modules\koa-compose\index.js:44:32)
    at E:\profile\koa-test2\node_modules\koa-router\node_modules\koa-compose\index.js:36:12
    at dispatch (E:\profile\koa-test2\node_modules\koa-router\lib\router.js:351:31)
    at dispatch (E:\profile\koa-test2\node_modules\koa-compose\index.js:42:32)
    at app.use (E:\profile\koa-test2\app.js:51:11)
    at dispatch (E:\profile\koa-test2\node_modules\koa-compose\index.js:42:32)
    at views (E:\profile\koa-test2\node_modules\koa-views\lib\index.js:61:12)
    at dispatch (E:\profile\koa-test2\node_modules\koa-compose\index.js:42:32)
    at serve (E:\profile\koa-test2\node_modules\koa-static\index.js:47:14)
    at dispatch (E:\profile\koa-test2\node_modules\koa-compose\index.js:42:32)
    at logger (E:\profile\koa-test2\node_modules\koa-logger\index.js:50:12)
    at dispatch (E:\profile\koa-test2\node_modules\koa-compose\index.js:42:32)
*************** error log end ***************

[2018-09-13T16:17:31.994] [ERROR] errorLogger - 
*************** error log start ***************
request method: POST
request originalUrl:  /api/component/saas/recognition/lib/list/page
request client ip:  ::ffff:127.0.0.1
request body: 
{"accessToken":"at.4tputxd77c952ntm4wm8fo9j8rhoyr3l-4n5980l01p-1q9yft2-yisuxbevq","setName":"vip"}
response time: 2
err name: TypeError
err message: console.loog is not a function
err stack: TypeError: console.loog is not a function
    at router.post (E:\profile\koa-test2\routes\indexVip.js:9:11)
    at dispatch (E:\profile\koa-test2\node_modules\koa-router\node_modules\koa-compose\index.js:44:32)
    at next (E:\profile\koa-test2\node_modules\koa-router\node_modules\koa-compose\index.js:45:18)
    at E:\profile\koa-test2\node_modules\koa-router\lib\router.js:346:16
    at dispatch (E:\profile\koa-test2\node_modules\koa-router\node_modules\koa-compose\index.js:44:32)
    at E:\profile\koa-test2\node_modules\koa-router\node_modules\koa-compose\index.js:36:12
    at dispatch (E:\profile\koa-test2\node_modules\koa-router\lib\router.js:351:31)
    at dispatch (E:\profile\koa-test2\node_modules\koa-compose\index.js:42:32)
    at app.use (E:\profile\koa-test2\app.js:51:11)
    at dispatch (E:\profile\koa-test2\node_modules\koa-compose\index.js:42:32)
    at views (E:\profile\koa-test2\node_modules\koa-views\lib\index.js:61:12)
    at dispatch (E:\profile\koa-test2\node_modules\koa-compose\index.js:42:32)
    at serve (E:\profile\koa-test2\node_modules\koa-static\index.js:47:14)
    at dispatch (E:\profile\koa-test2\node_modules\koa-compose\index.js:42:32)
    at logger (E:\profile\koa-test2\node_modules\koa-logger\index.js:50:12)
    at dispatch (E:\profile\koa-test2\node_modules\koa-compose\index.js:42:32)
*************** error log end ***************

[2018-09-13T16:17:55.816] [ERROR] errorLogger - 
*************** error log start ***************
request method: POST
request originalUrl:  /api/component/saas/recognition/lib/list/page
request client ip:  ::ffff:127.0.0.1
request body: 
{"accessToken":"at.4tputxd77c952ntm4wm8fo9j8rhoyr3l-4n5980l01p-1q9yft2-yisuxbevq","setName":"vip"}
response time: 1
err name: TypeError
err message: console.loog is not a function
err stack: TypeError: console.loog is not a function
    at router.post (E:\profile\koa-test2\routes\indexVip.js:9:11)
    at dispatch (E:\profile\koa-test2\node_modules\koa-router\node_modules\koa-compose\index.js:44:32)
    at next (E:\profile\koa-test2\node_modules\koa-router\node_modules\koa-compose\index.js:45:18)
    at E:\profile\koa-test2\node_modules\koa-router\lib\router.js:346:16
    at dispatch (E:\profile\koa-test2\node_modules\koa-router\node_modules\koa-compose\index.js:44:32)
    at E:\profile\koa-test2\node_modules\koa-router\node_modules\koa-compose\index.js:36:12
    at dispatch (E:\profile\koa-test2\node_modules\koa-router\lib\router.js:351:31)
    at dispatch (E:\profile\koa-test2\node_modules\koa-compose\index.js:42:32)
    at app.use (E:\profile\koa-test2\app.js:51:11)
    at dispatch (E:\profile\koa-test2\node_modules\koa-compose\index.js:42:32)
    at views (E:\profile\koa-test2\node_modules\koa-views\lib\index.js:61:12)
    at dispatch (E:\profile\koa-test2\node_modules\koa-compose\index.js:42:32)
    at serve (E:\profile\koa-test2\node_modules\koa-static\index.js:47:14)
    at dispatch (E:\profile\koa-test2\node_modules\koa-compose\index.js:42:32)
    at logger (E:\profile\koa-test2\node_modules\koa-logger\index.js:50:12)
    at dispatch (E:\profile\koa-test2\node_modules\koa-compose\index.js:42:32)
*************** error log end ***************

[2018-09-13T16:18:22.636] [ERROR] errorLogger - 
*************** error log start ***************
request method: POST
request originalUrl:  /api/component/saas/recognition/lib/list/page
request client ip:  ::ffff:127.0.0.1
request body: 
{"accessToken":"at.4tputxd77c952ntm4wm8fo9j8rhoyr3l-4n5980l01p-1q9yft2-yisuxbevq","setName":"vip"}
response time: 2
err name: ReferenceError
err message: params is not defined
err stack: ReferenceError: params is not defined
    at add (E:\profile\koa-test2\routes\indexVip.js:18:13)
    at router.post (E:\profile\koa-test2\routes\indexVip.js:27:20)
    at dispatch (E:\profile\koa-test2\node_modules\koa-router\node_modules\koa-compose\index.js:44:32)
    at next (E:\profile\koa-test2\node_modules\koa-router\node_modules\koa-compose\index.js:45:18)
    at E:\profile\koa-test2\node_modules\koa-router\lib\router.js:346:16
    at dispatch (E:\profile\koa-test2\node_modules\koa-router\node_modules\koa-compose\index.js:44:32)
    at E:\profile\koa-test2\node_modules\koa-router\node_modules\koa-compose\index.js:36:12
    at dispatch (E:\profile\koa-test2\node_modules\koa-router\lib\router.js:351:31)
    at dispatch (E:\profile\koa-test2\node_modules\koa-compose\index.js:42:32)
    at app.use (E:\profile\koa-test2\app.js:51:11)
    at dispatch (E:\profile\koa-test2\node_modules\koa-compose\index.js:42:32)
    at views (E:\profile\koa-test2\node_modules\koa-views\lib\index.js:61:12)
    at dispatch (E:\profile\koa-test2\node_modules\koa-compose\index.js:42:32)
    at serve (E:\profile\koa-test2\node_modules\koa-static\index.js:47:14)
    at dispatch (E:\profile\koa-test2\node_modules\koa-compose\index.js:42:32)
    at logger (E:\profile\koa-test2\node_modules\koa-logger\index.js:50:12)
*************** error log end ***************

[2018-09-13T16:18:34.757] [ERROR] errorLogger - 
*************** error log start ***************
request method: POST
request originalUrl:  /api/component/saas/recognition/lib/list/page
request client ip:  ::ffff:127.0.0.1
request body: 
{"accessToken":"at.4tputxd77c952ntm4wm8fo9j8rhoyr3l-4n5980l01p-1q9yft2-yisuxbevq","setName":"vip"}
response time: 2
err name: ReferenceError
err message: params is not defined
err stack: ReferenceError: params is not defined
    at add (E:\profile\koa-test2\routes\indexVip.js:18:13)
    at router.post (E:\profile\koa-test2\routes\indexVip.js:27:20)
    at dispatch (E:\profile\koa-test2\node_modules\koa-router\node_modules\koa-compose\index.js:44:32)
    at next (E:\profile\koa-test2\node_modules\koa-router\node_modules\koa-compose\index.js:45:18)
    at E:\profile\koa-test2\node_modules\koa-router\lib\router.js:346:16
    at dispatch (E:\profile\koa-test2\node_modules\koa-router\node_modules\koa-compose\index.js:44:32)
    at E:\profile\koa-test2\node_modules\koa-router\node_modules\koa-compose\index.js:36:12
    at dispatch (E:\profile\koa-test2\node_modules\koa-router\lib\router.js:351:31)
    at dispatch (E:\profile\koa-test2\node_modules\koa-compose\index.js:42:32)
    at app.use (E:\profile\koa-test2\app.js:51:11)
    at dispatch (E:\profile\koa-test2\node_modules\koa-compose\index.js:42:32)
    at views (E:\profile\koa-test2\node_modules\koa-views\lib\index.js:61:12)
    at dispatch (E:\profile\koa-test2\node_modules\koa-compose\index.js:42:32)
    at serve (E:\profile\koa-test2\node_modules\koa-static\index.js:47:14)
    at dispatch (E:\profile\koa-test2\node_modules\koa-compose\index.js:42:32)
    at logger (E:\profile\koa-test2\node_modules\koa-logger\index.js:50:12)
*************** error log end ***************

