[2018-07-24T14:37:13.110] [ERROR] errorLogger - 
*************** error log start ***************
request method: GET
request originalUrl:  /
request client ip:  ::1
request query:  {}
response time: 4603
err name: Error
err message: next() called multiple times
err stack: Error: next() called multiple times
    at dispatch (E:\profile\koa-test2\node_modules\koa-compose\index.js:36:45)
    at app.use (E:\profile\koa-test2\app.js:35:11)
    at <anonymous>
*************** error log end ***************

[2018-07-24T14:37:13.274] [ERROR] errorLogger - 
*************** error log start ***************
request method: GET
request originalUrl:  /favicon.ico
request client ip:  ::1
request query:  {}
response time: 0
err name: Error
err message: next() called multiple times
err stack: Error: next() called multiple times
    at dispatch (E:\profile\koa-test2\node_modules\koa-compose\index.js:36:45)
    at app.use (E:\profile\koa-test2\app.js:35:11)
    at <anonymous>
*************** error log end ***************

[2018-07-24T14:40:47.753] [ERROR] errorLogger - 
*************** error log start ***************
request method: GET
request originalUrl:  /
request client ip:  ::1
request query:  {}
response time: 623
err name: Error
err message: next() called multiple times
err stack: Error: next() called multiple times
    at dispatch (E:\profile\koa-test2\node_modules\koa-compose\index.js:36:45)
    at app.use (E:\profile\koa-test2\app.js:35:11)
    at <anonymous>
*************** error log end ***************

[2018-07-24T14:40:49.448] [ERROR] errorLogger - 
*************** error log start ***************
request method: GET
request originalUrl:  /
request client ip:  ::1
request query:  {}
response time: 17
err name: Error
err message: next() called multiple times
err stack: Error: next() called multiple times
    at dispatch (E:\profile\koa-test2\node_modules\koa-compose\index.js:36:45)
    at app.use (E:\profile\koa-test2\app.js:35:11)
    at <anonymous>
*************** error log end ***************

[2018-07-24T14:40:51.298] [ERROR] errorLogger - 
*************** error log start ***************
request method: GET
request originalUrl:  /
request client ip:  ::1
request query:  {}
response time: 12
err name: Error
err message: next() called multiple times
err stack: Error: next() called multiple times
    at dispatch (E:\profile\koa-test2\node_modules\koa-compose\index.js:36:45)
    at app.use (E:\profile\koa-test2\app.js:35:11)
    at <anonymous>
*************** error log end ***************

[2018-07-24T14:42:09.319] [ERROR] errorLogger - 
*************** error log start ***************
request method: GET
request originalUrl:  /string2
request client ip:  ::1
request query:  {}
response time: 4
err name: Error
err message: next() called multiple times
err stack: Error: next() called multiple times
    at dispatch (E:\profile\koa-test2\node_modules\koa-compose\index.js:36:45)
    at app.use (E:\profile\koa-test2\app.js:35:11)
    at <anonymous>
*************** error log end ***************

[2018-07-24T14:42:27.681] [ERROR] errorLogger - 
*************** error log start ***************
request method: GET
request originalUrl:  /string
request client ip:  ::1
request query:  {}
response time: 0
err name: Error
err message: next() called multiple times
err stack: Error: next() called multiple times
    at dispatch (E:\profile\koa-test2\node_modules\koa-compose\index.js:36:45)
    at app.use (E:\profile\koa-test2\app.js:35:11)
    at <anonymous>
*************** error log end ***************

[2018-07-24T14:44:15.843] [ERROR] errorLogger - 
*************** error log start ***************
request method: GET
request originalUrl:  /users
request client ip:  ::1
request query:  {}
response time: 1
err name: Error
err message: next() called multiple times
err stack: Error: next() called multiple times
    at dispatch (E:\profile\koa-test2\node_modules\koa-compose\index.js:36:45)
    at app.use (E:\profile\koa-test2\app.js:35:11)
    at <anonymous>
*************** error log end ***************

[2018-07-24T14:44:24.392] [ERROR] errorLogger - 
*************** error log start ***************
request method: GET
request originalUrl:  /users/bar
request client ip:  ::1
request query:  {}
response time: 0
err name: Error
err message: next() called multiple times
err stack: Error: next() called multiple times
    at dispatch (E:\profile\koa-test2\node_modules\koa-compose\index.js:36:45)
    at app.use (E:\profile\koa-test2\app.js:35:11)
    at <anonymous>
*************** error log end ***************

